Arguments: 
  D:\Program Files\nodejs\node.exe D:\Program Files\nodejs\node_modules\yarn\bin\yarn.js add -D @vuepress/utils

PATH: 
  C:\Users\97247\bin;C:\Program Files\Git\mingw64\bin;C:\Program Files\Git\usr\local\bin;C:\Program Files\Git\usr\bin;C:\Program Files\Git\usr\bin;C:\Program Files\Git\mingw64\bin;C:\Program Files\Git\usr\bin;C:\Users\97247\bin;D:\development of software\VMware Workstation\bin;D:\Program Files\Python310\Scripts;D:\Program Files\Python310;C:\Windows\system32;C:\Windows;C:\Windows\System32\Wbem;C:\Windows\System32\WindowsPowerShell\v1.0;C:\Windows\System32\OpenSSH;C:\Program Files\dotnet;C:\Program Files\Git\cmd;C:\Program Files (x86)\Tailscale IPN;D:\Program Files\java\jdk-11.0.11\bin;D:\development of software\apache-maven-3.8.6\bin;D:\development of software\nvm;D:\Program Files\nodejs;C:\Users\97247\AppData\Local\Microsoft\WindowsApps;D:\development of software\nvm;D:\Program Files\nodejs;C:\Program Files\cpolar;C:\Program Files\Git\usr\bin\vendor_perl;C:\Program Files\Git\usr\bin\core_perl

Yarn version: 
  1.22.19

Node version: 
  16.13.1

Platform: 
  win32 x64

Trace: 
  Error: EPERM: operation not permitted, mkdir 'E:\code\blog\node_modules\vuepress-theme-hope\node_modules\@vuepress'

npm manifest: 
  {
    "name": "blog",
    "version": "2.0.0",
    "description": "didiplus的知识库",
    "license": "MIT",
    "type": "module",
    "scripts": {
      "docs:build": "vuepress build src",
      "docs:clean-dev": "vuepress dev src --clean-cache",
      "dev": "vuepress dev src"
    },
    "devDependencies": {
      "@vuepress/client": "2.0.0-beta.60",
      "vue": "^3.2.45",
      "vuepress": "2.0.0-beta.60",
      "vuepress-plugin-copy-code2": "2.0.0-beta.166",
      "vuepress-plugin-md-enhance": "2.0.0-beta.166",
      "vuepress-theme-hope": "2.0.0-beta.166"
    }
  }

yarn manifest: 
  No manifest

Lockfile: 
  No lockfile
